This is pdfTeX, Version 3.14159265-2.6-1.40.21 (TeX Live 2020) (preloaded format=pdflatex 2020.4.7)  17 APR 2020 16:25
entering extended mode
 restricted \write18 enabled.
 file:line:error style messages enabled.
 %&-line parsing enabled.
**DescriptiveAnalysis.tex
(./DescriptiveAnalysis.tex
LaTeX2e <2020-02-02> patch level 5
L3 programming layer <2020-03-06>
(/usr/local/texlive/2020/texmf-dist/tex/latex/base/article.cls
Document Class: article 2019/12/20 v1.4l Standard LaTeX document class
(/usr/local/texlive/2020/texmf-dist/tex/latex/base/size11.clo
File: size11.clo 2019/12/20 v1.4l Standard LaTeX file (size option)
)
\c@part=\count167
\c@section=\count168
\c@subsection=\count169
\c@subsubsection=\count170
\c@paragraph=\count171
\c@subparagraph=\count172
\c@figure=\count173
\c@table=\count174
\abovecaptionskip=\skip47
\belowcaptionskip=\skip48
\bibindent=\dimen134
)
(/usr/local/texlive/2020/texmf-dist/tex/latex/geometry/geometry.sty
Package: geometry 2020/01/02 v5.9 Page Geometry

(/usr/local/texlive/2020/texmf-dist/tex/latex/graphics/keyval.sty
Package: keyval 2014/10/28 v1.15 key=value parser (DPC)
\KV@toks@=\toks15
)
(/usr/local/texlive/2020/texmf-dist/tex/generic/iftex/ifvtex.sty
Package: ifvtex 2019/10/25 v1.7 ifvtex legacy package. Use iftex instead.

(/usr/local/texlive/2020/texmf-dist/tex/generic/iftex/iftex.sty
Package: iftex 2020/03/06 v1.0d TeX engine tests
))
\Gm@cnth=\count175
\Gm@cntv=\count176
\c@Gm@tempcnt=\count177
\Gm@bindingoffset=\dimen135
\Gm@wd@mp=\dimen136
\Gm@odd@mp=\dimen137
\Gm@even@mp=\dimen138
\Gm@layoutwidth=\dimen139
\Gm@layoutheight=\dimen140
\Gm@layouthoffset=\dimen141
\Gm@layoutvoffset=\dimen142
\Gm@dimlist=\toks16
)
(/usr/local/texlive/2020/texmf-dist/tex/latex/graphics/graphicx.sty
Package: graphicx 2019/11/30 v1.2a Enhanced LaTeX Graphics (DPC,SPQR)

(/usr/local/texlive/2020/texmf-dist/tex/latex/graphics/graphics.sty
Package: graphics 2019/11/30 v1.4a Standard LaTeX Graphics (DPC,SPQR)

(/usr/local/texlive/2020/texmf-dist/tex/latex/graphics/trig.sty
Package: trig 2016/01/03 v1.10 sin cos tan (DPC)
)
(/usr/local/texlive/2020/texmf-dist/tex/latex/graphics-cfg/graphics.cfg
File: graphics.cfg 2016/06/04 v1.11 sample graphics configuration
)
Package graphics Info: Driver file: pdftex.def on input line 105.

(/usr/local/texlive/2020/texmf-dist/tex/latex/graphics-def/pdftex.def
File: pdftex.def 2018/01/08 v1.0l Graphics/color driver for pdftex
))
\Gin@req@height=\dimen143
\Gin@req@width=\dimen144
)
(/usr/local/texlive/2020/texmf-dist/tex/latex/amsfonts/amssymb.sty
Package: amssymb 2013/01/14 v3.01 AMS font symbols

(/usr/local/texlive/2020/texmf-dist/tex/latex/amsfonts/amsfonts.sty
Package: amsfonts 2013/01/14 v3.01 Basic AMSFonts support
\@emptytoks=\toks17
\symAMSa=\mathgroup4
\symAMSb=\mathgroup5
LaTeX Font Info:    Redeclaring math symbol \hbar on input line 98.
LaTeX Font Info:    Overwriting math alphabet `\mathfrak' in version `bold'
(Font)                  U/euf/m/n --> U/euf/b/n on input line 106.
))
(/usr/local/texlive/2020/texmf-dist/tex/latex/l3backend/l3backend-pdfmode.def
File: l3backend-pdfmode.def 2020-03-12 L3 backend support: PDF mode
\l__kernel_color_stack_int=\count178
\l__pdf_internal_box=\box45
)
(./DescriptiveAnalysis.aux)
\openout1 = `DescriptiveAnalysis.aux'.

LaTeX Font Info:    Checking defaults for OML/cmm/m/it on input line 18.
LaTeX Font Info:    ... okay on input line 18.
LaTeX Font Info:    Checking defaults for OMS/cmsy/m/n on input line 18.
LaTeX Font Info:    ... okay on input line 18.
LaTeX Font Info:    Checking defaults for OT1/cmr/m/n on input line 18.
LaTeX Font Info:    ... okay on input line 18.
LaTeX Font Info:    Checking defaults for T1/cmr/m/n on input line 18.
LaTeX Font Info:    ... okay on input line 18.
LaTeX Font Info:    Checking defaults for TS1/cmr/m/n on input line 18.
LaTeX Font Info:    ... okay on input line 18.
LaTeX Font Info:    Checking defaults for OMX/cmex/m/n on input line 18.
LaTeX Font Info:    ... okay on input line 18.
LaTeX Font Info:    Checking defaults for U/cmr/m/n on input line 18.
LaTeX Font Info:    ... okay on input line 18.

*geometry* driver: auto-detecting
*geometry* detected driver: pdftex
*geometry* verbose mode - [ preamble ] result:
* driver: pdftex
* paper: letterpaper
* layout: <same size as paper>
* layoutoffset:(h,v)=(0.0pt,0.0pt)
* modes: includefoot 
* h-part:(L,W,R)=(18.06749pt, 578.16002pt, 18.06749pt)
* v-part:(T,H,B)=(18.06749pt, 758.835pt, 18.06749pt)
* \paperwidth=614.295pt
* \paperheight=794.96999pt
* \textwidth=578.16002pt
* \textheight=728.835pt
* \oddsidemargin=-54.2025pt
* \evensidemargin=-54.2025pt
* \topmargin=-91.2025pt
* \headheight=12.0pt
* \headsep=25.0pt
* \topskip=11.0pt
* \footskip=30.0pt
* \marginparwidth=59.0pt
* \marginparsep=10.0pt
* \columnsep=10.0pt
* \skip\footins=10.0pt plus 4.0pt minus 2.0pt
* \hoffset=0.0pt
* \voffset=0.0pt
* \mag=1000
* \@twocolumnfalse
* \@twosidefalse
* \@mparswitchfalse
* \@reversemarginfalse
* (1in=72.27pt=25.4mm, 1cm=28.453pt)

(/usr/local/texlive/2020/texmf-dist/tex/context/base/mkii/supp-pdf.mkii
[Loading MPS to PDF converter (version 2006.09.02).]
\scratchcounter=\count179
\scratchdimen=\dimen145
\scratchbox=\box46
\nofMPsegments=\count180
\nofMParguments=\count181
\everyMPshowfont=\toks18
\MPscratchCnt=\count182
\MPscratchDim=\dimen146
\MPnumerator=\count183
\makeMPintoPDFobject=\count184
\everyMPtoPDFconversion=\toks19
) (/usr/local/texlive/2020/texmf-dist/tex/latex/epstopdf-pkg/epstopdf-base.sty
Package: epstopdf-base 2020-01-24 v2.11 Base part for package epstopdf
Package epstopdf-base Info: Redefining graphics rule for `.eps' on input line 4
85.

(/usr/local/texlive/2020/texmf-dist/tex/latex/latexconfig/epstopdf-sys.cfg
File: epstopdf-sys.cfg 2010/07/13 v1.3 Configuration of (r)epstopdf for TeX Liv
e
))
LaTeX Font Info:    Trying to load font information for U+msa on input line 19.


(/usr/local/texlive/2020/texmf-dist/tex/latex/amsfonts/umsa.fd
File: umsa.fd 2013/01/14 v3.01 AMS symbols A
)
LaTeX Font Info:    Trying to load font information for U+msb on input line 19.


(/usr/local/texlive/2020/texmf-dist/tex/latex/amsfonts/umsb.fd
File: umsb.fd 2013/01/14 v3.01 AMS symbols B
) [1

{/usr/local/texlive/2020/texmf-var/fonts/map/pdftex/updmap/pdftex.map}]
<../../Figures/iou_rps_map.png, id=11, 1082.54437pt x 707.64375pt>
File: ../../Figures/iou_rps_map.png Graphic file (type png)
<use ../../Figures/iou_rps_map.png>
Package pdftex.def Info: ../../Figures/iou_rps_map.png  used on input line 71.
(pdftex.def)             Requested size: 578.16002pt x 377.9432pt.
 [2 <../../Figures/iou_rps_map.png (PNG copy)>]
./DescriptiveAnalysis.tex:86: Undefined control sequence.
l.86 \itema
            feed-in tariff program for renewable generators less than 3 MW i...

? s
OK, entering \scrollmode...

./DescriptiveAnalysis.tex:87: LaTeX Error: Something's wrong--perhaps a missing
 \item.

See the LaTeX manual or LaTeX Companion for explanation.
Type  H <return>  for immediate help.
 ...                                              
                                                  
l.87 \end{itemize}
                  
Try typing  <return>  to proceed.
If that doesn't work, type  X <return>  to quit.

[3] [4]
<../../Figures/tot_renew_cap.png, id=22, 3011.25pt x 2107.875pt>
File: ../../Figures/tot_renew_cap.png Graphic file (type png)
<use ../../Figures/tot_renew_cap.png>
Package pdftex.def Info: ../../Figures/tot_renew_cap.png  used on input line 24
6.
(pdftex.def)             Requested size: 520.34048pt x 364.21994pt.
 [5]
<../../Figures/region_renew_cap.png, id=27, 308.15125pt x 227.85126pt>
File: ../../Figures/region_renew_cap.png Graphic file (type png)
<use ../../Figures/region_renew_cap.png>
Package pdftex.def Info: ../../Figures/region_renew_cap.png  used on input line
 257.
(pdftex.def)             Requested size: 231.26047pt x 170.99927pt.
<../../Figures/region_prenew.png, id=28, 305.14pt x 239.89626pt>
File: ../../Figures/region_prenew.png Graphic file (type png)
<use ../../Figures/region_prenew.png>
Package pdftex.def Info: ../../Figures/region_prenew.png  used on input line 25
8.
(pdftex.def)             Requested size: 231.26047pt x 181.82155pt.

Underfull \hbox (badness 10000) in paragraph at lines 257--259

 []

<../../Figures/ferc-markets.png, id=29, 443.6575pt x 263.98625pt>
File: ../../Figures/ferc-markets.png Graphic file (type png)
<use ../../Figures/ferc-markets.png>
Package pdftex.def Info: ../../Figures/ferc-markets.png  used on input line 263
.
(pdftex.def)             Requested size: 578.16002pt x 344.04005pt.
<../../Figures/tot_renew_by_region.png, id=30, 3011.25pt x 2107.875pt>
File: ../../Figures/tot_renew_by_region.png Graphic file (type png)
<use ../../Figures/tot_renew_by_region.png>
Package pdftex.def Info: ../../Figures/tot_renew_by_region.png  used on input l
ine 266.
(pdftex.def)             Requested size: 491.43954pt x 343.98907pt.
<../../Figures/p_renew_regions.png, id=31, 3011.25pt x 2107.875pt>
File: ../../Figures/p_renew_regions.png Graphic file (type png)
<use ../../Figures/p_renew_regions.png>
Package pdftex.def Info: ../../Figures/p_renew_regions.png  used on input line 
267.
(pdftex.def)             Requested size: 520.34048pt x 364.21994pt.
[6 <../../Figures/tot_renew_cap.png> <../../Figures/region_renew_cap.png> <../.
./Figures/region_prenew.png>]
<../../Figures/renew_comp_regions.png, id=38, 2107.875pt x 3011.25pt>
File: ../../Figures/renew_comp_regions.png Graphic file (type png)
<use ../../Figures/renew_comp_regions.png>
Package pdftex.def Info: ../../Figures/renew_comp_regions.png  used on input li
ne 271.
(pdftex.def)             Requested size: 462.52977pt x 660.73103pt.
 [7 <../../Figures/ferc-markets.png (PNG copy)> <../../Figures/tot_renew_by_reg
ion.png>] [8 <../../Figures/p_renew_regions.png>]
[9 <../../Figures/renew_comp_regions.png>]
<../../Figures/tot_renew_by_region_tech.png, id=52, 3011.25pt x 2107.875pt>
File: ../../Figures/tot_renew_by_region_tech.png Graphic file (type png)
<use ../../Figures/tot_renew_by_region_tech.png>
Package pdftex.def Info: ../../Figures/tot_renew_by_region_tech.png  used on in
put line 274.
(pdftex.def)             Requested size: 520.34048pt x 364.21994pt.
 [10 <../../Figures/tot_renew_by_region_tech.png>]
<../../Figures/relative_growth_renew_tot.png, id=57, 3011.25pt x 2107.875pt>
File: ../../Figures/relative_growth_renew_tot.png Graphic file (type png)
<use ../../Figures/relative_growth_renew_tot.png>
Package pdftex.def Info: ../../Figures/relative_growth_renew_tot.png  used on i
nput line 278.
(pdftex.def)             Requested size: 520.34048pt x 364.21994pt.

Underfull \hbox (badness 10000) in paragraph at lines 278--280

 []

<../../Figures/growth_rates.png, id=58, 3011.25pt x 2107.875pt>
File: ../../Figures/growth_rates.png Graphic file (type png)
<use ../../Figures/growth_rates.png>
Package pdftex.def Info: ../../Figures/growth_rates.png  used on input line 289
.
(pdftex.def)             Requested size: 491.43954pt x 343.98907pt.
<../../Figures/yearly_changes.png, id=59, 3011.25pt x 2107.875pt>
File: ../../Figures/yearly_changes.png Graphic file (type png)
<use ../../Figures/yearly_changes.png>
Package pdftex.def Info: ../../Figures/yearly_changes.png  used on input line 2
90.
(pdftex.def)             Requested size: 491.43954pt x 343.98907pt.
[11 <../../Figures/relative_growth_renew_tot.png>] [12 <../../Figures/growth_ra
tes.png> <../../Figures/yearly_changes.png>]
<../../Figures/after_2005_stock.png, id=69, 3011.25pt x 2107.875pt>
File: ../../Figures/after_2005_stock.png Graphic file (type png)
<use ../../Figures/after_2005_stock.png>
Package pdftex.def Info: ../../Figures/after_2005_stock.png  used on input line
 295.
(pdftex.def)             Requested size: 491.43954pt x 343.98907pt.
<../../Figures/after_2005_additions.png, id=70, 3011.25pt x 2107.875pt>
File: ../../Figures/after_2005_additions.png Graphic file (type png)
<use ../../Figures/after_2005_additions.png>
Package pdftex.def Info: ../../Figures/after_2005_additions.png  used on input 
line 296.
(pdftex.def)             Requested size: 491.43954pt x 343.98907pt.
 [13 <../../Figures/after_2005_stock.png> <../../Figures/after_2005_additions.p
ng>] [14]
<../../Figures/ProposedGenFigs/wind_solar_ngen.png, id=80, 3011.25pt x 2107.875
pt>
File: ../../Figures/ProposedGenFigs/wind_solar_ngen.png Graphic file (type png)

<use ../../Figures/ProposedGenFigs/wind_solar_ngen.png>
Package pdftex.def Info: ../../Figures/ProposedGenFigs/wind_solar_ngen.png  use
d on input line 312.
(pdftex.def)             Requested size: 520.58989pt x 364.4175pt.
<../../Figures/ProposedGenFigs/wind_solar_cap.png, id=81, 3011.25pt x 2107.875p
t>
File: ../../Figures/ProposedGenFigs/wind_solar_cap.png Graphic file (type png)
<use ../../Figures/ProposedGenFigs/wind_solar_cap.png>
Package pdftex.def Info: ../../Figures/ProposedGenFigs/wind_solar_cap.png  used
 on input line 313.
(pdftex.def)             Requested size: 520.58989pt x 364.4175pt.

Underfull \hbox (badness 10000) in paragraph at lines 312--314
[][]
 []


LaTeX Warning: Float too large for page by 21.7333pt on input line 314.

<../../Figures/ProposedGenFigs/year_to_year.png, id=82, 3011.25pt x 2107.875pt>

File: ../../Figures/ProposedGenFigs/year_to_year.png Graphic file (type png)
<use ../../Figures/ProposedGenFigs/year_to_year.png>
Package pdftex.def Info: ../../Figures/ProposedGenFigs/year_to_year.png  used o
n input line 318.
(pdftex.def)             Requested size: 520.58989pt x 364.4175pt.
(../../Figures/ProposedGenFigs/tab2a.tex) [15] [16 <../../Figures/ProposedGenFi
gs/wind_solar_ngen.png> <../../Figures/ProposedGenFigs/wind_solar_cap.png>]
[17 <../../Figures/ProposedGenFigs/year_to_year.png>]
(./DescriptiveAnalysis.aux) ) 
Here is how much of TeX's memory you used:
 2291 strings out of 480608
 34078 string characters out of 5903631
 272128 words of memory out of 5000000
 18168 multiletter control sequences out of 15000+600000
 540391 words of font info for 54 fonts, out of 8000000 for 9000
 1141 hyphenation exceptions out of 8191
 30i,8n,34p,629b,235s stack positions out of 5000i,500n,10000p,200000b,80000s
{/usr/local/texlive/2020/texmf-dist/fonts/enc/dvip
s/cm-super/cm-super-ts1.enc}</usr/local/texlive/2020/texmf-dist/fonts/type1/pub
lic/amsfonts/cm/cmbx10.pfb></usr/local/texlive/2020/texmf-dist/fonts/type1/publ
ic/amsfonts/cm/cmbx12.pfb></usr/local/texlive/2020/texmf-dist/fonts/type1/publi
c/amsfonts/cm/cmr10.pfb></usr/local/texlive/2020/texmf-dist/fonts/type1/public/
amsfonts/cm/cmr12.pfb></usr/local/texlive/2020/texmf-dist/fonts/type1/public/am
sfonts/cm/cmr17.pfb></usr/local/texlive/2020/texmf-dist/fonts/type1/public/cm-s
uper/sfrm1095.pfb>
Output written on DescriptiveAnalysis.pdf (17 pages, 4288963 bytes).
PDF statistics:
 117 PDF objects out of 1000 (max. 8388607)
 59 compressed objects within 1 object stream
 0 named destinations out of 1000 (max. 500000)
 86 words of extra memory for PDF output out of 10000 (max. 10000000)

